<?xml version="1.0" encoding="UTF-8"?>
<!-- Generated by org.testng.reporters.JUnitReportReporter -->
<testsuite hostname="DESKTOP-79OBDSS" failures="0" tests="1" name="com.iris22a.men.tests.MenTShirtTest" time="42.256" errors="0" timestamp="08 Aug 2022 03:47:13 GMT" skipped="0">
  <testcase classname="com.iris22a.men.tests.MenTShirtTest" name="verifySearchResultByPopularity" time="42.256"/>
</testsuite> <!-- com.iris22a.men.tests.MenTShirtTest -->
